   0  $accept : programe $end

   1  programe : function

   2  function : data_type MAIN_TOK LPAREN_TOK func_args RPAREN_TOK statement_block function_declr

   3  function_declr : data_type ID_TOK LPAREN_TOK func_args RPAREN_TOK statement_block function_declr
   4                 |

   5  func_args : func_args COMMA_TOK data_type ID_TOK
   6            | data_type ID_TOK

   7  data_type : INTEGER_TOK
   8            | FLOATING_TOK
   9            | DOUBLE_TOK
  10            | CHAR_TOK

  11  statement_block : LCURLY_TOK statement nested_blocks RCURLY_TOK

  12  nested_blocks : statement_block statement nested_blocks
  13                |

  14  statement : statement actual_statement
  15            |

  16  actual_statement : assignment_expression

  17  $$1 :

  18  $$2 :

  19  actual_statement : IF_TOK LPAREN_TOK relational_expression RPAREN_TOK $$1 statement_block ELSE_TOK $$2 statement_block

  20  assignment_expression : ID_TOK EQUAL_TOK arith_expression SEMICOLON_TOK

  21  arith_expression : operand
  22                   | arith_expression ADDITION_TOK arith_expression
  23                   | arith_expression MINUS_TOK arith_expression
  24                   | arith_expression MULTIPLICATION_TOK arith_expression
  25                   | arith_expression DIVISION_TOK arith_expression
  26                   | arith_expression MODULO_TOK arith_expression
  27                   | LPAREN_TOK arith_expression RPAREN_TOK
  28                   | MINUS_TOK arith_expression

  29  relational_expression : operand
  30                        | operand LESS_THAN_EQUAL_TOK operand
  31                        | operand LESS_TOK operand
  32                        | operand GREATER_THAN_EQUAL_TOK operand
  33                        | operand GREATER_TOK operand
  34                        | operand EQUAL_COMPARE_TOK operand
  35                        | operand NOT_EQUAL_TOK operand
  36                        | arith_expression LESS_THAN_EQUAL_TOK operand

  37  operand : ID_TOK
  38          | INT_CONST_TOK

state 0
	$accept : . programe $end  (0)

	INTEGER_TOK  shift 1
	FLOATING_TOK  shift 2
	DOUBLE_TOK  shift 3
	CHAR_TOK  shift 4
	.  error

	programe  goto 5
	data_type  goto 6
	function  goto 7


state 1
	data_type : INTEGER_TOK .  (7)

	.  reduce 7


state 2
	data_type : FLOATING_TOK .  (8)

	.  reduce 8


state 3
	data_type : DOUBLE_TOK .  (9)

	.  reduce 9


state 4
	data_type : CHAR_TOK .  (10)

	.  reduce 10


state 5
	$accept : programe . $end  (0)

	$end  accept


state 6
	function : data_type . MAIN_TOK LPAREN_TOK func_args RPAREN_TOK statement_block function_declr  (2)

	MAIN_TOK  shift 8
	.  error


state 7
	programe : function .  (1)

	.  reduce 1


state 8
	function : data_type MAIN_TOK . LPAREN_TOK func_args RPAREN_TOK statement_block function_declr  (2)

	LPAREN_TOK  shift 9
	.  error


state 9
	function : data_type MAIN_TOK LPAREN_TOK . func_args RPAREN_TOK statement_block function_declr  (2)

	INTEGER_TOK  shift 1
	FLOATING_TOK  shift 2
	DOUBLE_TOK  shift 3
	CHAR_TOK  shift 4
	.  error

	data_type  goto 10
	func_args  goto 11


state 10
	func_args : data_type . ID_TOK  (6)

	ID_TOK  shift 12
	.  error


state 11
	function : data_type MAIN_TOK LPAREN_TOK func_args . RPAREN_TOK statement_block function_declr  (2)
	func_args : func_args . COMMA_TOK data_type ID_TOK  (5)

	RPAREN_TOK  shift 13
	COMMA_TOK  shift 14
	.  error


state 12
	func_args : data_type ID_TOK .  (6)

	.  reduce 6


state 13
	function : data_type MAIN_TOK LPAREN_TOK func_args RPAREN_TOK . statement_block function_declr  (2)

	LCURLY_TOK  shift 15
	.  error

	statement_block  goto 16


state 14
	func_args : func_args COMMA_TOK . data_type ID_TOK  (5)

	INTEGER_TOK  shift 1
	FLOATING_TOK  shift 2
	DOUBLE_TOK  shift 3
	CHAR_TOK  shift 4
	.  error

	data_type  goto 17


state 15
	statement_block : LCURLY_TOK . statement nested_blocks RCURLY_TOK  (11)
	statement : .  (15)

	.  reduce 15

	statement  goto 18


state 16
	function : data_type MAIN_TOK LPAREN_TOK func_args RPAREN_TOK statement_block . function_declr  (2)
	function_declr : .  (4)

	INTEGER_TOK  shift 1
	FLOATING_TOK  shift 2
	DOUBLE_TOK  shift 3
	CHAR_TOK  shift 4
	$end  reduce 4

	data_type  goto 19
	function_declr  goto 20


state 17
	func_args : func_args COMMA_TOK data_type . ID_TOK  (5)

	ID_TOK  shift 21
	.  error


state 18
	statement_block : LCURLY_TOK statement . nested_blocks RCURLY_TOK  (11)
	statement : statement . actual_statement  (14)
	nested_blocks : .  (13)

	ID_TOK  shift 22
	LCURLY_TOK  shift 15
	IF_TOK  shift 23
	RCURLY_TOK  reduce 13

	assignment_expression  goto 24
	statement_block  goto 25
	nested_blocks  goto 26
	actual_statement  goto 27


state 19
	function_declr : data_type . ID_TOK LPAREN_TOK func_args RPAREN_TOK statement_block function_declr  (3)

	ID_TOK  shift 28
	.  error


state 20
	function : data_type MAIN_TOK LPAREN_TOK func_args RPAREN_TOK statement_block function_declr .  (2)

	.  reduce 2


state 21
	func_args : func_args COMMA_TOK data_type ID_TOK .  (5)

	.  reduce 5


state 22
	assignment_expression : ID_TOK . EQUAL_TOK arith_expression SEMICOLON_TOK  (20)

	EQUAL_TOK  shift 29
	.  error


state 23
	actual_statement : IF_TOK . LPAREN_TOK relational_expression RPAREN_TOK $$1 statement_block ELSE_TOK $$2 statement_block  (19)

	LPAREN_TOK  shift 30
	.  error


state 24
	actual_statement : assignment_expression .  (16)

	.  reduce 16


state 25
	nested_blocks : statement_block . statement nested_blocks  (12)
	statement : .  (15)

	.  reduce 15

	statement  goto 31


state 26
	statement_block : LCURLY_TOK statement nested_blocks . RCURLY_TOK  (11)

	RCURLY_TOK  shift 32
	.  error


state 27
	statement : statement actual_statement .  (14)

	.  reduce 14


state 28
	function_declr : data_type ID_TOK . LPAREN_TOK func_args RPAREN_TOK statement_block function_declr  (3)

	LPAREN_TOK  shift 33
	.  error


state 29
	assignment_expression : ID_TOK EQUAL_TOK . arith_expression SEMICOLON_TOK  (20)

	ID_TOK  shift 34
	INT_CONST_TOK  shift 35
	LPAREN_TOK  shift 36
	MINUS_TOK  shift 37
	.  error

	arith_expression  goto 38
	operand  goto 39


state 30
	actual_statement : IF_TOK LPAREN_TOK . relational_expression RPAREN_TOK $$1 statement_block ELSE_TOK $$2 statement_block  (19)

	ID_TOK  shift 34
	INT_CONST_TOK  shift 35
	LPAREN_TOK  shift 36
	MINUS_TOK  shift 37
	.  error

	arith_expression  goto 40
	operand  goto 41
	relational_expression  goto 42


state 31
	nested_blocks : statement_block statement . nested_blocks  (12)
	statement : statement . actual_statement  (14)
	nested_blocks : .  (13)

	ID_TOK  shift 22
	LCURLY_TOK  shift 15
	IF_TOK  shift 23
	RCURLY_TOK  reduce 13

	assignment_expression  goto 24
	statement_block  goto 25
	nested_blocks  goto 43
	actual_statement  goto 27


state 32
	statement_block : LCURLY_TOK statement nested_blocks RCURLY_TOK .  (11)

	.  reduce 11


state 33
	function_declr : data_type ID_TOK LPAREN_TOK . func_args RPAREN_TOK statement_block function_declr  (3)

	INTEGER_TOK  shift 1
	FLOATING_TOK  shift 2
	DOUBLE_TOK  shift 3
	CHAR_TOK  shift 4
	.  error

	data_type  goto 10
	func_args  goto 44


state 34
	operand : ID_TOK .  (37)

	.  reduce 37


state 35
	operand : INT_CONST_TOK .  (38)

	.  reduce 38


state 36
	arith_expression : LPAREN_TOK . arith_expression RPAREN_TOK  (27)

	ID_TOK  shift 34
	INT_CONST_TOK  shift 35
	LPAREN_TOK  shift 36
	MINUS_TOK  shift 37
	.  error

	arith_expression  goto 45
	operand  goto 39


state 37
	arith_expression : MINUS_TOK . arith_expression  (28)

	ID_TOK  shift 34
	INT_CONST_TOK  shift 35
	LPAREN_TOK  shift 36
	MINUS_TOK  shift 37
	.  error

	arith_expression  goto 46
	operand  goto 39


state 38
	assignment_expression : ID_TOK EQUAL_TOK arith_expression . SEMICOLON_TOK  (20)
	arith_expression : arith_expression . ADDITION_TOK arith_expression  (22)
	arith_expression : arith_expression . MINUS_TOK arith_expression  (23)
	arith_expression : arith_expression . MULTIPLICATION_TOK arith_expression  (24)
	arith_expression : arith_expression . DIVISION_TOK arith_expression  (25)
	arith_expression : arith_expression . MODULO_TOK arith_expression  (26)

	SEMICOLON_TOK  shift 47
	ADDITION_TOK  shift 48
	MINUS_TOK  shift 49
	MULTIPLICATION_TOK  shift 50
	DIVISION_TOK  shift 51
	MODULO_TOK  shift 52
	.  error


state 39
	arith_expression : operand .  (21)

	.  reduce 21


state 40
	arith_expression : arith_expression . ADDITION_TOK arith_expression  (22)
	arith_expression : arith_expression . MINUS_TOK arith_expression  (23)
	arith_expression : arith_expression . MULTIPLICATION_TOK arith_expression  (24)
	arith_expression : arith_expression . DIVISION_TOK arith_expression  (25)
	arith_expression : arith_expression . MODULO_TOK arith_expression  (26)
	relational_expression : arith_expression . LESS_THAN_EQUAL_TOK operand  (36)

	ADDITION_TOK  shift 48
	MINUS_TOK  shift 49
	MULTIPLICATION_TOK  shift 50
	DIVISION_TOK  shift 51
	MODULO_TOK  shift 52
	LESS_THAN_EQUAL_TOK  shift 53
	.  error


41: shift/reduce conflict (shift 55, reduce 21) on LESS_THAN_EQUAL_TOK
state 41
	arith_expression : operand .  (21)
	relational_expression : operand .  (29)
	relational_expression : operand . LESS_THAN_EQUAL_TOK operand  (30)
	relational_expression : operand . LESS_TOK operand  (31)
	relational_expression : operand . GREATER_THAN_EQUAL_TOK operand  (32)
	relational_expression : operand . GREATER_TOK operand  (33)
	relational_expression : operand . EQUAL_COMPARE_TOK operand  (34)
	relational_expression : operand . NOT_EQUAL_TOK operand  (35)

	LESS_TOK  shift 54
	LESS_THAN_EQUAL_TOK  shift 55
	GREATER_TOK  shift 56
	GREATER_THAN_EQUAL_TOK  shift 57
	EQUAL_COMPARE_TOK  shift 58
	NOT_EQUAL_TOK  shift 59
	RPAREN_TOK  reduce 29
	ADDITION_TOK  reduce 21
	MINUS_TOK  reduce 21
	MULTIPLICATION_TOK  reduce 21
	DIVISION_TOK  reduce 21
	MODULO_TOK  reduce 21


state 42
	actual_statement : IF_TOK LPAREN_TOK relational_expression . RPAREN_TOK $$1 statement_block ELSE_TOK $$2 statement_block  (19)

	RPAREN_TOK  shift 60
	.  error


state 43
	nested_blocks : statement_block statement nested_blocks .  (12)

	.  reduce 12


state 44
	function_declr : data_type ID_TOK LPAREN_TOK func_args . RPAREN_TOK statement_block function_declr  (3)
	func_args : func_args . COMMA_TOK data_type ID_TOK  (5)

	RPAREN_TOK  shift 61
	COMMA_TOK  shift 14
	.  error


state 45
	arith_expression : arith_expression . ADDITION_TOK arith_expression  (22)
	arith_expression : arith_expression . MINUS_TOK arith_expression  (23)
	arith_expression : arith_expression . MULTIPLICATION_TOK arith_expression  (24)
	arith_expression : arith_expression . DIVISION_TOK arith_expression  (25)
	arith_expression : arith_expression . MODULO_TOK arith_expression  (26)
	arith_expression : LPAREN_TOK arith_expression . RPAREN_TOK  (27)

	RPAREN_TOK  shift 62
	ADDITION_TOK  shift 48
	MINUS_TOK  shift 49
	MULTIPLICATION_TOK  shift 50
	DIVISION_TOK  shift 51
	MODULO_TOK  shift 52
	.  error


state 46
	arith_expression : arith_expression . ADDITION_TOK arith_expression  (22)
	arith_expression : arith_expression . MINUS_TOK arith_expression  (23)
	arith_expression : arith_expression . MULTIPLICATION_TOK arith_expression  (24)
	arith_expression : arith_expression . DIVISION_TOK arith_expression  (25)
	arith_expression : arith_expression . MODULO_TOK arith_expression  (26)
	arith_expression : MINUS_TOK arith_expression .  (28)

	.  reduce 28


state 47
	assignment_expression : ID_TOK EQUAL_TOK arith_expression SEMICOLON_TOK .  (20)

	.  reduce 20


state 48
	arith_expression : arith_expression ADDITION_TOK . arith_expression  (22)

	ID_TOK  shift 34
	INT_CONST_TOK  shift 35
	LPAREN_TOK  shift 36
	MINUS_TOK  shift 37
	.  error

	arith_expression  goto 63
	operand  goto 39


state 49
	arith_expression : arith_expression MINUS_TOK . arith_expression  (23)

	ID_TOK  shift 34
	INT_CONST_TOK  shift 35
	LPAREN_TOK  shift 36
	MINUS_TOK  shift 37
	.  error

	arith_expression  goto 64
	operand  goto 39


state 50
	arith_expression : arith_expression MULTIPLICATION_TOK . arith_expression  (24)

	ID_TOK  shift 34
	INT_CONST_TOK  shift 35
	LPAREN_TOK  shift 36
	MINUS_TOK  shift 37
	.  error

	arith_expression  goto 65
	operand  goto 39


state 51
	arith_expression : arith_expression DIVISION_TOK . arith_expression  (25)

	ID_TOK  shift 34
	INT_CONST_TOK  shift 35
	LPAREN_TOK  shift 36
	MINUS_TOK  shift 37
	.  error

	arith_expression  goto 66
	operand  goto 39


state 52
	arith_expression : arith_expression MODULO_TOK . arith_expression  (26)

	ID_TOK  shift 34
	INT_CONST_TOK  shift 35
	LPAREN_TOK  shift 36
	MINUS_TOK  shift 37
	.  error

	arith_expression  goto 67
	operand  goto 39


state 53
	relational_expression : arith_expression LESS_THAN_EQUAL_TOK . operand  (36)

	ID_TOK  shift 34
	INT_CONST_TOK  shift 35
	.  error

	operand  goto 68


state 54
	relational_expression : operand LESS_TOK . operand  (31)

	ID_TOK  shift 34
	INT_CONST_TOK  shift 35
	.  error

	operand  goto 69


state 55
	relational_expression : operand LESS_THAN_EQUAL_TOK . operand  (30)

	ID_TOK  shift 34
	INT_CONST_TOK  shift 35
	.  error

	operand  goto 70


state 56
	relational_expression : operand GREATER_TOK . operand  (33)

	ID_TOK  shift 34
	INT_CONST_TOK  shift 35
	.  error

	operand  goto 71


state 57
	relational_expression : operand GREATER_THAN_EQUAL_TOK . operand  (32)

	ID_TOK  shift 34
	INT_CONST_TOK  shift 35
	.  error

	operand  goto 72


state 58
	relational_expression : operand EQUAL_COMPARE_TOK . operand  (34)

	ID_TOK  shift 34
	INT_CONST_TOK  shift 35
	.  error

	operand  goto 73


state 59
	relational_expression : operand NOT_EQUAL_TOK . operand  (35)

	ID_TOK  shift 34
	INT_CONST_TOK  shift 35
	.  error

	operand  goto 74


state 60
	actual_statement : IF_TOK LPAREN_TOK relational_expression RPAREN_TOK . $$1 statement_block ELSE_TOK $$2 statement_block  (19)
	$$1 : .  (17)

	.  reduce 17

	$$1  goto 75


state 61
	function_declr : data_type ID_TOK LPAREN_TOK func_args RPAREN_TOK . statement_block function_declr  (3)

	LCURLY_TOK  shift 15
	.  error

	statement_block  goto 76


state 62
	arith_expression : LPAREN_TOK arith_expression RPAREN_TOK .  (27)

	.  reduce 27


state 63
	arith_expression : arith_expression . ADDITION_TOK arith_expression  (22)
	arith_expression : arith_expression ADDITION_TOK arith_expression .  (22)
	arith_expression : arith_expression . MINUS_TOK arith_expression  (23)
	arith_expression : arith_expression . MULTIPLICATION_TOK arith_expression  (24)
	arith_expression : arith_expression . DIVISION_TOK arith_expression  (25)
	arith_expression : arith_expression . MODULO_TOK arith_expression  (26)

	MULTIPLICATION_TOK  shift 50
	DIVISION_TOK  shift 51
	MODULO_TOK  shift 52
	SEMICOLON_TOK  reduce 22
	RPAREN_TOK  reduce 22
	ADDITION_TOK  reduce 22
	MINUS_TOK  reduce 22
	LESS_THAN_EQUAL_TOK  reduce 22


state 64
	arith_expression : arith_expression . ADDITION_TOK arith_expression  (22)
	arith_expression : arith_expression . MINUS_TOK arith_expression  (23)
	arith_expression : arith_expression MINUS_TOK arith_expression .  (23)
	arith_expression : arith_expression . MULTIPLICATION_TOK arith_expression  (24)
	arith_expression : arith_expression . DIVISION_TOK arith_expression  (25)
	arith_expression : arith_expression . MODULO_TOK arith_expression  (26)

	MULTIPLICATION_TOK  shift 50
	DIVISION_TOK  shift 51
	MODULO_TOK  shift 52
	SEMICOLON_TOK  reduce 23
	RPAREN_TOK  reduce 23
	ADDITION_TOK  reduce 23
	MINUS_TOK  reduce 23
	LESS_THAN_EQUAL_TOK  reduce 23


state 65
	arith_expression : arith_expression . ADDITION_TOK arith_expression  (22)
	arith_expression : arith_expression . MINUS_TOK arith_expression  (23)
	arith_expression : arith_expression . MULTIPLICATION_TOK arith_expression  (24)
	arith_expression : arith_expression MULTIPLICATION_TOK arith_expression .  (24)
	arith_expression : arith_expression . DIVISION_TOK arith_expression  (25)
	arith_expression : arith_expression . MODULO_TOK arith_expression  (26)

	.  reduce 24


state 66
	arith_expression : arith_expression . ADDITION_TOK arith_expression  (22)
	arith_expression : arith_expression . MINUS_TOK arith_expression  (23)
	arith_expression : arith_expression . MULTIPLICATION_TOK arith_expression  (24)
	arith_expression : arith_expression . DIVISION_TOK arith_expression  (25)
	arith_expression : arith_expression DIVISION_TOK arith_expression .  (25)
	arith_expression : arith_expression . MODULO_TOK arith_expression  (26)

	.  reduce 25


state 67
	arith_expression : arith_expression . ADDITION_TOK arith_expression  (22)
	arith_expression : arith_expression . MINUS_TOK arith_expression  (23)
	arith_expression : arith_expression . MULTIPLICATION_TOK arith_expression  (24)
	arith_expression : arith_expression . DIVISION_TOK arith_expression  (25)
	arith_expression : arith_expression . MODULO_TOK arith_expression  (26)
	arith_expression : arith_expression MODULO_TOK arith_expression .  (26)

	.  reduce 26


state 68
	relational_expression : arith_expression LESS_THAN_EQUAL_TOK operand .  (36)

	.  reduce 36


state 69
	relational_expression : operand LESS_TOK operand .  (31)

	.  reduce 31


state 70
	relational_expression : operand LESS_THAN_EQUAL_TOK operand .  (30)

	.  reduce 30


state 71
	relational_expression : operand GREATER_TOK operand .  (33)

	.  reduce 33


state 72
	relational_expression : operand GREATER_THAN_EQUAL_TOK operand .  (32)

	.  reduce 32


state 73
	relational_expression : operand EQUAL_COMPARE_TOK operand .  (34)

	.  reduce 34


state 74
	relational_expression : operand NOT_EQUAL_TOK operand .  (35)

	.  reduce 35


state 75
	actual_statement : IF_TOK LPAREN_TOK relational_expression RPAREN_TOK $$1 . statement_block ELSE_TOK $$2 statement_block  (19)

	LCURLY_TOK  shift 15
	.  error

	statement_block  goto 77


state 76
	function_declr : data_type ID_TOK LPAREN_TOK func_args RPAREN_TOK statement_block . function_declr  (3)
	function_declr : .  (4)

	INTEGER_TOK  shift 1
	FLOATING_TOK  shift 2
	DOUBLE_TOK  shift 3
	CHAR_TOK  shift 4
	$end  reduce 4

	data_type  goto 19
	function_declr  goto 78


state 77
	actual_statement : IF_TOK LPAREN_TOK relational_expression RPAREN_TOK $$1 statement_block . ELSE_TOK $$2 statement_block  (19)

	ELSE_TOK  shift 79
	.  error


state 78
	function_declr : data_type ID_TOK LPAREN_TOK func_args RPAREN_TOK statement_block function_declr .  (3)

	.  reduce 3


state 79
	actual_statement : IF_TOK LPAREN_TOK relational_expression RPAREN_TOK $$1 statement_block ELSE_TOK . $$2 statement_block  (19)
	$$2 : .  (18)

	.  reduce 18

	$$2  goto 80


state 80
	actual_statement : IF_TOK LPAREN_TOK relational_expression RPAREN_TOK $$1 statement_block ELSE_TOK $$2 . statement_block  (19)

	LCURLY_TOK  shift 15
	.  error

	statement_block  goto 81


state 81
	actual_statement : IF_TOK LPAREN_TOK relational_expression RPAREN_TOK $$1 statement_block ELSE_TOK $$2 statement_block .  (19)

	.  reduce 19


State 41 contains 1 shift/reduce conflict.


31 terminals, 16 nonterminals
39 grammar rules, 82 states
